\BOOKMARK [0][-]{chapter.1}{1 Einleitung}{}% 1
\BOOKMARK [0][-]{chapter.2}{2 Aufgabenstellung}{}% 2
\BOOKMARK [0][-]{chapter.3}{3 Stand der Technik}{}% 3
\BOOKMARK [1][-]{section.3.1}{3.1 Kinect}{chapter.3}% 4
\BOOKMARK [2][-]{subsection.3.1.1}{3.1.1 Hardware}{section.3.1}% 5
\BOOKMARK [2][-]{subsection.3.1.2}{3.1.2 Software}{section.3.1}% 6
\BOOKMARK [1][-]{section.3.2}{3.2 Roboter - Ausblick}{chapter.3}% 7
\BOOKMARK [1][-]{section.3.3}{3.3 Java}{chapter.3}% 8
\BOOKMARK [2][-]{subsection.3.3.1}{3.3.1 GUI}{section.3.3}% 9
\BOOKMARK [1][-]{section.3.4}{3.4 Mustererkennung}{chapter.3}% 10
\BOOKMARK [0][-]{chapter.4}{4 Kinect\205Framework}{}% 11
\BOOKMARK [1][-]{section.4.1}{4.1 Microsoft Kinect SDK}{chapter.4}% 12
\BOOKMARK [1][-]{section.4.2}{4.2 Java Frameworks}{chapter.4}% 13
\BOOKMARK [2][-]{subsection.4.2.1}{4.2.1 OpenNI}{section.4.2}% 14
\BOOKMARK [2][-]{subsection.4.2.2}{4.2.2 OpenKinect}{section.4.2}% 15
\BOOKMARK [2][-]{subsection.4.2.3}{4.2.3 jnect}{section.4.2}% 16
\BOOKMARK [2][-]{subsection.4.2.4}{4.2.4 Scoring\205Modell}{section.4.2}% 17
\BOOKMARK [2][-]{subsection.4.2.5}{4.2.5 Analyseergebnis}{section.4.2}% 18
\BOOKMARK [0][-]{chapter.5}{5 Konzeption}{}% 19
\BOOKMARK [1][-]{section.5.1}{5.1 Technische Vorgaben}{chapter.5}% 20
\BOOKMARK [2][-]{subsection.5.1.1}{5.1.1 Vorgaben durch Kinect}{section.5.1}% 21
\BOOKMARK [2][-]{subsection.5.1.2}{5.1.2 Vorgaben durch jnect\205Framework}{section.5.1}% 22
\BOOKMARK [2][-]{subsection.5.1.3}{5.1.3 Service\205Architektur}{section.5.1}% 23
\BOOKMARK [2][-]{subsection.5.1.4}{5.1.4 Abh\344ngigkeit zu Robotertechnik}{section.5.1}% 24
\BOOKMARK [1][-]{section.5.2}{5.2 Fachliche Vorgaben}{chapter.5}% 25
\BOOKMARK [2][-]{subsection.5.2.1}{5.2.1 Vorgaben durch Mensch-Computer-Interaktion}{section.5.2}% 26
\BOOKMARK [2][-]{subsection.5.2.2}{5.2.2 Klassifikation der Anwendung}{section.5.2}% 27
\BOOKMARK [2][-]{subsection.5.2.3}{5.2.3 Analyse der Gesten- und Sprachsteuerung}{section.5.2}% 28
\BOOKMARK [0][-]{chapter.6}{6 Modelle zur Gesten- und Spracherkennung}{}% 29
\BOOKMARK [1][-]{section.6.1}{6.1 Hidden-Markov-Modell}{chapter.6}% 30
\BOOKMARK [2][-]{subsection.6.1.1}{6.1.1 ToDo}{section.6.1}% 31
\BOOKMARK [1][-]{section.6.2}{6.2 Baum-Weich-Algorithmus}{chapter.6}% 32
\BOOKMARK [2][-]{subsection.6.2.1}{6.2.1 ToDo}{section.6.2}% 33
\BOOKMARK [1][-]{section.6.3}{6.3 ToDo}{chapter.6}% 34
\BOOKMARK [0][-]{chapter.7}{7 Gesten}{}% 35
\BOOKMARK [1][-]{section.7.1}{7.1 Kreisbewegung}{chapter.7}% 36
\BOOKMARK [2][-]{subsection.7.1.1}{7.1.1 ToDo}{section.7.1}% 37
\BOOKMARK [1][-]{section.7.2}{7.2 Vorw\344rtsbewegung}{chapter.7}% 38
\BOOKMARK [2][-]{subsection.7.2.1}{7.2.1 ToDo}{section.7.2}% 39
\BOOKMARK [1][-]{section.7.3}{7.3 Haltesignal}{chapter.7}% 40
\BOOKMARK [2][-]{subsection.7.3.1}{7.3.1 ToDo}{section.7.3}% 41
\BOOKMARK [0][-]{chapter.8}{8 Sprachbefehle}{}% 42
\BOOKMARK [1][-]{section.8.1}{8.1 ToDo}{chapter.8}% 43
\BOOKMARK [0][-]{chapter.9}{9 Implementierung}{}% 44
\BOOKMARK [1][-]{section.9.1}{9.1 OSGI\205Bundles}{chapter.9}% 45
\BOOKMARK [2][-]{subsection.9.1.1}{9.1.1 Gesten}{section.9.1}% 46
\BOOKMARK [2][-]{subsection.9.1.2}{9.1.2 Sprachbefehle}{section.9.1}% 47
\BOOKMARK [2][-]{subsection.9.1.3}{9.1.3 Roboterschnittstelle}{section.9.1}% 48
\BOOKMARK [2][-]{subsection.9.1.4}{9.1.4 Ausf\374hrbare Aktionen}{section.9.1}% 49
\BOOKMARK [1][-]{section.9.2}{9.2 Oberfl\344che}{chapter.9}% 50
\BOOKMARK [2][-]{subsection.9.2.1}{9.2.1 RCP\205Anwendung}{section.9.2}% 51
\BOOKMARK [2][-]{subsection.9.2.2}{9.2.2 Grafische Darstellung}{section.9.2}% 52
\BOOKMARK [1][-]{section.9.3}{9.3 Ablaufbeschreibung}{chapter.9}% 53
\BOOKMARK [0][-]{chapter.10}{10 Ausblick - weitere Arbeiten}{}% 54
\BOOKMARK [0][-]{section*.15}{Abbildungsverzeichnis}{}% 55
\BOOKMARK [0][-]{section*.17}{Tabellenverzeichnis}{}% 56
\BOOKMARK [0][-]{section*.19}{Quellcodeverzeichnis}{}% 57
\BOOKMARK [0][-]{section*.21}{Literaturverzeichnis}{}% 58
\BOOKMARK [0][-]{section*.23}{Glossar}{}% 59
